Starting up http-server, serving dist

http-server version: 14.1.1

http-server settings:
CORS: disabled
Cache: 3600 seconds
Connection Timeout: 120 seconds
Directory Listings: visible
AutoIndex: visible
Serve GZIP Files: false
Serve Brotli Files: false
Default File Extension: none

Available on:
  http://127.0.0.1:8081
  http://192.168.0.2:8081
Hit CTRL-C to stop the server

[2026-06-20T08:45:50.855Z]  "GET /" "Mozilla/5.0 (X11; Linux x86_64) AppleWebKit/537.36 (KHTML, like Gecko) HeadlessChrome/145.0.7632.6 Safari/537.36"
(node:1088527) [DEP0066] DeprecationWarning: OutgoingMessage.prototype._headers is deprecated
(Use `node --trace-deprecation ...` to show where the warning was created)
[2026-06-20T08:45:50.871Z]  "GET /_expo/static/js/web/AppEntry-0ee2c4f5280e94e3a7eea50771c2d35e.js" "Mozilla/5.0 (X11; Linux x86_64) AppleWebKit/537.36 (KHTML, like Gecko) HeadlessChrome/145.0.7632.6 Safari/537.36"
[2026-06-20T08:45:51.017Z]  "GET /api/health/db" "Mozilla/5.0 (X11; Linux x86_64) AppleWebKit/537.36 (KHTML, like Gecko) HeadlessChrome/145.0.7632.6 Safari/537.36"
[2026-06-20T08:45:51.019Z]  "GET /api/health/db" Error (404): "Not found"
[2026-06-20T08:45:51.021Z]  "GET /assets/assets/brand_logo.8eba79e04acca3f4baef089c5cc45103.jpg" "Mozilla/5.0 (X11; Linux x86_64) AppleWebKit/537.36 (KHTML, like Gecko) HeadlessChrome/145.0.7632.6 Safari/537.36"
[2026-06-20T09:18:26.657Z]  "GET /" "Mozilla/5.0 (X11; Linux x86_64) AppleWebKit/537.36 (KHTML, like Gecko) HeadlessChrome/145.0.7632.6 Safari/537.36"
[2026-06-20T09:18:26.717Z]  "GET /_expo/static/js/web/AppEntry-975a7f6387a800ea098688914cc482f7.js" "Mozilla/5.0 (X11; Linux x86_64) AppleWebKit/537.36 (KHTML, like Gecko) HeadlessChrome/145.0.7632.6 Safari/537.36"
[2026-06-20T09:18:26.936Z]  "GET /api/health/db" "Mozilla/5.0 (X11; Linux x86_64) AppleWebKit/537.36 (KHTML, like Gecko) HeadlessChrome/145.0.7632.6 Safari/537.36"
[2026-06-20T09:18:26.940Z]  "GET /assets/assets/brand_logo.8eba79e04acca3f4baef089c5cc45103.jpg" "Mozilla/5.0 (X11; Linux x86_64) AppleWebKit/537.36 (KHTML, like Gecko) HeadlessChrome/145.0.7632.6 Safari/537.36"
[2026-06-20T09:18:26.948Z]  "GET /api/health/db" Error (404): "Not found"
http-server stopped.
