Starting up http-server, serving dist

http-server version: 14.1.1

http-server settings:
CORS: disabled
Cache: 3600 seconds
Connection Timeout: 120 seconds
Directory Listings: visible
AutoIndex: visible
Serve GZIP Files: false
Serve Brotli Files: false
Default File Extension: none

Available on:
  http://127.0.0.1:8081
  http://192.168.0.2:8081
Hit CTRL-C to stop the server

[2026-06-20T10:28:44.910Z]  "GET /" "Mozilla/5.0 (X11; Linux x86_64) AppleWebKit/537.36 (KHTML, like Gecko) HeadlessChrome/145.0.7632.6 Safari/537.36"
(node:1547081) [DEP0066] DeprecationWarning: OutgoingMessage.prototype._headers is deprecated
(Use `node --trace-deprecation ...` to show where the warning was created)
[2026-06-20T10:28:44.938Z]  "GET /_expo/static/js/web/AppEntry-799c7c5971a918227ccf5067102604d7.js" "Mozilla/5.0 (X11; Linux x86_64) AppleWebKit/537.36 (KHTML, like Gecko) HeadlessChrome/145.0.7632.6 Safari/537.36"
[2026-06-20T10:28:45.196Z]  "GET /assets/assets/brand_logo.8eba79e04acca3f4baef089c5cc45103.jpg" "Mozilla/5.0 (X11; Linux x86_64) AppleWebKit/537.36 (KHTML, like Gecko) HeadlessChrome/145.0.7632.6 Safari/537.36"
