
> wantok-api@1.0.0 start
> node server.js

🔍 [DB] Initializing pool from DATABASE_URL
🔌 [DB] Internal/Local network detected (localhost). Disabling SSL for clean handshake.
⚠️ REDIS_URL not provided. Redis caching disabled.
Wantok Unified Server running on port 3000
🔄 [DB Handshake] Attempting direct connection to localhost/wantok...
⚠️ [Non-Critical] Database connection failed during initialization.
Target Host: localhost
Target Database: wantok
Error Message:
Error Code: ECONNREFUSED
🚀 Continuing server startup anyway. Database-dependent features will be unavailable until connection is restored.
✅ Backend is ready and database is synced.
📡 [2026-06-25T00:42:42.794Z] GET /api/health - Origin: Same-Origin
📡 [2026-06-25T00:45:31.662Z] POST /api/auth/login - Origin: Same-Origin
📥 Login attempt: admin@dspng.tech
❌ Login Error: AggregateError [ECONNREFUSED]:
    at /app/backend/node_modules/pg-pool/index.js:45:11
    at process.processTicksAndRejections (node:internal/process/task_queues:103:5)
    at async UserModel.findByIdentifier (/app/backend/src/auth/models/user_model.js:97:22)
    at async login (/app/backend/src/auth/controllers/auth_controller.js:84:20) {
  code: 'ECONNREFUSED',
  [errors]: [
    Error: connect ECONNREFUSED ::1:5432
        at createConnectionError (node:net:1678:14)
        at afterConnectMultiple (node:net:1708:16) {
      errno: -111,
      code: 'ECONNREFUSED',
      syscall: 'connect',
      address: '::1',
      port: 5432
    },
    Error: connect ECONNREFUSED 127.0.0.1:5432
        at createConnectionError (node:net:1678:14)
        at afterConnectMultiple (node:net:1708:16) {
      errno: -111,
      code: 'ECONNREFUSED',
      syscall: 'connect',
      address: '127.0.0.1',
      port: 5432
    }
  ]
}
