
> wantok-workforce@1.0.1 start:prod
> node backend/server.js

🔍 [DB] Initializing pool from DATABASE_URL
🔌 [DB] Internal/Local network detected (localhost). Disabling SSL for clean handshake.
⚠️ REDIS_URL not provided. Redis caching disabled.
Wantok Unified Server running on port 3000
🔄 [DB Handshake] Attempting direct connection to localhost/wantok...
❌ [Critical] Database connection failed.
Target Host: localhost
Target Database: wantok
Error Message:
Error Code: ECONNREFUSED
❌ Migration error bypassed for safety:
📡 [2026-06-23T22:55:26.445Z] GET / - Origin: Same-Origin
📡 [2026-06-23T22:55:26.536Z] GET /_expo/static/js/web/AppEntry-97de2f9ac745a18619207f7b380e28e9.js - Origin: Same-Origin
📡 [2026-06-23T22:55:27.152Z] GET /api/health - Origin: Same-Origin
📡 [2026-06-23T22:55:27.182Z] GET /assets/assets/brand_logo.8eba79e04acca3f4baef089c5cc45103.jpg - Origin: Same-Origin
📡 [2026-06-23T22:55:27.189Z] GET /api/health/db - Origin: Same-Origin
❌ [DB] checkConnection Error:
Terminated
